<?xml version="1.0" encoding="UTF-8"?>
<!-- Generated by org.testng.reporters.JUnitReportReporter -->
<testsuite hostname="Laptop-Aamir" failures="0" tests="1" name="Tests.TestCases" time="12.049" errors="0" timestamp="2022-03-17T02:39:36 IST" skipped="0">
  <testcase classname="Tests.TestCases" name="searchTest" time="12.049"/>
  <system-out/>
</testsuite> <!-- Tests.TestCases -->
