<?xml version="1.0" encoding="UTF-8"?>
<!-- Generated by org.testng.reporters.JUnitReportReporter -->
<testsuite hostname="Laptop-Aamir" failures="0" tests="1" name="Tests.TestCases" time="0.091" errors="0" timestamp="2022-03-21T14:47:33 IST" skipped="0">
  <testcase classname="Tests.TestCases" name="preTest" time="0.091"/>
  <system-out/>
</testsuite> <!-- Tests.TestCases -->
