<?xml version="1.0" encoding="UTF-8"?>
<!-- Generated by org.testng.reporters.JUnitReportReporter -->
<testsuite hostname="Laptop-Aamir" failures="0" tests="2" name="Tests.TestCases" time="2.093" errors="0" timestamp="2022-03-23T03:01:33 IST" skipped="0">
  <testcase classname="Tests.TestCases" name="loginTest" time="2.093"/>
  <system-out/>
  <testcase classname="Tests.TestCases" name="searchTest" time="0.000"/>
  <system-out/>
</testsuite> <!-- Tests.TestCases -->
