<?xml version="1.0" encoding="UTF-8"?>
<!-- Generated by org.testng.reporters.JUnitReportReporter -->
<testsuite hostname="Laptop-Aamir" failures="0" tests="1" name="com.example.playwright.PlaywrightAutomation.AppTest" time="0.008" errors="0" timestamp="2022-03-22T22:18:41 IST" skipped="0">
  <testcase classname="com.example.playwright.PlaywrightAutomation.AppTest" name="testApp" time="0.008"/>
  <system-out/>
</testsuite> <!-- com.example.playwright.PlaywrightAutomation.AppTest -->
